<?xml version="1.0" encoding="UTF-8"?>
<!-- Generated by org.testng.reporters.JUnitReportReporter -->
<testsuite hostname="kolyta-ой" name="by.tut.email.tests.EmailTests" tests="1" failures="0" timestamp="23 Nov 2017 00:24:55 GMT" time="41.517" errors="0">
  <testcase name="emailCheck" time="41.517" classname="by.tut.email.tests.EmailTests"/>
</testsuite> <!-- by.tut.email.tests.EmailTests -->
